make all --print-data-base --no-builtin-variables --no-builtin-rules --question
# GNU Make 3.81
# Copyright (C) 2006  Free Software Foundation, Inc.
# This is free software; see the source for copying conditions.
# There is NO warranty; not even for MERCHANTABILITY or FITNESS FOR A
# PARTICULAR PURPOSE.

# This program built for i386-apple-darwin11.3.0
 

# Make data base, printed on Thu Feb 10 21:40:32 2022

# Variables

 
# automatic
<D = $(patsubst %/,%,$(dir $<))
# automatic
?F = $(notdir $?)
# makefile (from `Makefile', line 60)
OBJ = $(SRC:.c=.o)
# makefile (from `Makefile', line 3)
SRC = builtin/ft_cd.c builtin/ft_echo.c builtin/ft_env.c builtin/ft_exit.c builtin/ft_export.c builtin/ft_export_utils.c builtin/ft_pwd.c builtin/ft_unset.c libft/ft_argsjoin.c libft/ft_atoi.c libft/ft_envcmp.c libft/ft_isalnum.c libft/ft_itoa.c libft/ft_putstr_fd.c libft/ft_split.c libft/ft_strcmp.c libft/ft_strdup.c libft/ft_strjoin.c libft/ft_strlcpy.c libft/ft_strlen.c libft/ft_strncmp.c libft/ft_strndup.c libft/ft_error.c libft/ft_fatal.c parse/list/add_list.c parse/list/clear_list.c parse/list/last_list.c parse/list/new_list.c parse/list/push_list.c parse/list/size_list.c parse/token/add_token.c parse/token/clear_token.c parse/token/last_token.c parse/token/new_token.c parse/token/pop_token.c parse/token/push_token.c parse/token/size_token.c parse/token/token_to_string.c parse/make_list.c redirect/heredocument.c redirect/redirect.c redirect/redirecting.c signal/signal.c utils/exec_command.c utils/filename.c utils/find_dollar.c utils/find_key.c utils/find_pipe.c utils/find_value.c utils/free_argv.c utils/get_command.c utils/manage_dollar.c utils/make_valid_datas.c utils/minishell.c utils/what_command.c main.c
# environment
VSCODE_LOG_NATIVE = false
# automatic
?D = $(patsubst %/,%,$(dir $?))
# automatic
@D = $(patsubst %/,%,$(dir $@))
# automatic
@F = $(notdir $@)
# makefile
CURDIR := /Users/young/Desktop/temp
# makefile
SHELL = /bin/sh
# environment
VSCODE_NLS_CONFIG = {"locale":"ko","availableLanguages":{},"_languagePackSupport":true}
# environment
_ = /usr/bin/make
# makefile (from `Makefile', line 63)
CFLAGS = -Wall -Werror -Wextra
# makefile (from `Makefile', line 1)
MAKEFILE_LIST :=  Makefile
# environment
VSCODE_NODE_CACHED_DATA_DIR = /Users/young/Library/Application Support/Code/CachedData/e713fe9b05fc24facbec8f34fb1017133858842b
# environment
VSCODE_VERBOSE_LOGGING = true
# environment
VSCODE_IPC_HOOK_EXTHOST = /var/folders/79/sjtg24255csdw0c_ctl0d_mr0000gp/T/vscode-ipc-c18640cb-4793-4051-850b-5ea337f1a564.sock
# environment
VSCODE_CWD = /
# environment
PATH = /usr/local/bin:/usr/bin:/bin:/usr/sbin:/sbin
# environment
VSCODE_LOG_STACK = false
# environment
ELECTRON_RUN_AS_NODE = 1
# makefile (from `Makefile', line 65)
LIB = $(LDFLAGS) -lreadline
# default
.FEATURES := target-specific order-only second-expansion else-if archives jobserver check-symlink
# environment
SSH_AUTH_SOCK = /private/tmp/com.apple.launchd.0JiGwIpnJd/Listeners
# automatic
%F = $(notdir $%)
# environment
VSCODE_PIPE_LOGGING = true
# environment
PWD = /Users/young/Desktop/temp
# environment
ORIGINAL_XDG_CURRENT_DESKTOP = undefined
# makefile (from `Makefile', line 61)
INC_DIR = include
# environment
VSCODE_AMD_ENTRYPOINT = vs/workbench/services/extensions/node/extensionHostProcess
# environment
HOME = /Users/young
# default
MAKEFILEPATH = $(shell /usr/bin/xcode-select -print-path 2>/dev/null || echo /Developer)/Makefiles
# environment
LOGNAME = young
# environment
APPLICATION_INSIGHTS_NO_DIAGNOSTIC_CHANNEL = true
# environment
VSCODE_HANDLES_UNCAUGHT_ERRORS = true
# automatic
^D = $(patsubst %/,%,$(dir $^))
# environment
XPC_FLAGS = 0x0
# default
MAKE = $(MAKE_COMMAND)
# default
MAKECMDGOALS := all
# environment
SHLVL = 1
# default
MAKE_VERSION := 3.81
# environment
USER = young
# makefile
.DEFAULT_GOAL := all
# makefile (from `Makefile', line 66)
INCLUDE = -I$(INC_DIR) $(CPPFLAGS)
# makefile (from `Makefile', line 1)
NAME = minishell
# automatic
%D = $(patsubst %/,%,$(dir $%))
# default
MAKE_COMMAND := /Library/Developer/CommandLineTools/usr/bin/make
# default
.VARIABLES := 
# environment
TMPDIR = /var/folders/79/sjtg24255csdw0c_ctl0d_mr0000gp/T/
# automatic
*F = $(notdir $*)
# environment
VSCODE_IPC_HOOK = /Users/young/Library/Application Support/Code/1.56.1-main.sock
# makefile
MAKEFLAGS = Rrqp
# environment
MFLAGS = -Rrqp
# automatic
*D = $(patsubst %/,%,$(dir $*))
# environment
XPC_SERVICE_NAME = com.microsoft.VSCode.5468
# automatic
+D = $(patsubst %/,%,$(dir $+))
# automatic
+F = $(notdir $+)
# environment
__CF_USER_TEXT_ENCODING = 0x1F6:0x3:0x33
# default
MAKEFILES := 
# automatic
<F = $(notdir $<)
# environment
LC_ALL = C
# automatic
^F = $(notdir $^)
# default
SUFFIXES := 
# environment
MAKELEVEL := 0
# environment
LANG = C
# environment
VSCODE_PID = 32903
# variable set hash-table stats:
# Load=66/1024=6%, Rehash=0, Collisions=4/93=4%

# Pattern-specific Variable Values

# No pattern-specific variable values.

# Directories

# . (device 16777224, inode 9779556): 16 files, no impossibilities.

# 16 files, no impossibilities in 1 directories.

# Implicit Rules

# No implicit rules.

# Files

# Not a target:
libft/ft_error.o:
#  Implicit rule search has been done.
#  Last modified 2022-02-10 21:38:46
#  File has been updated.
#  Successfully updated.
# variable set hash-table stats:
# Load=0/32=0%, Rehash=0, Collisions=0/0=0%

# Not a target:
builtin/ft_export_utils.o:
#  Implicit rule search has been done.
#  Last modified 2022-02-10 21:38:45
#  File has been updated.
#  Successfully updated.
# variable set hash-table stats:
# Load=0/32=0%, Rehash=0, Collisions=0/0=0%

# Not a target:
utils/free_argv.o:
#  Implicit rule search has been done.
#  Last modified 2022-02-10 21:38:48
#  File has been updated.
#  Successfully updated.
# variable set hash-table stats:
# Load=0/32=0%, Rehash=0, Collisions=0/0=0%

# Not a target:
utils/minishell.o:
#  Implicit rule search has been done.
#  Last modified 2022-02-10 21:38:48
#  File has been updated.
 
#  Successfully updated.
# variable set hash-table stats:
# Load=0/32=0%, Rehash=0, Collisions=0/0=0%

# Not a target:
parse/list/size_list.o:
#  Implicit rule search has been done.
#  Last modified 2022-02-10 21:38:47
#  File has been updated.
#  Successfully updated.
# variable set hash-table stats:
# Load=0/32=0%, Rehash=0, Collisions=0/0=0%

all: minishell
#  Command-line target.
#  Implicit rule search has been done.
#  File does not exist.
#  File has been updated.
#  Successfully updated.
# variable set hash-table stats:
# Load=0/32=0%, Rehash=0, Collisions=0/0=0%

# Not a target:
libft/ft_itoa.o:
#  Implicit rule search has been done.
#  Last modified 2022-02-10 21:38:46
#  File has been updated.
#  Successfully updated.
# variable set hash-table stats:
# Load=0/32=0%, Rehash=0, Collisions=0/0=0%

# Not a target:
utils/find_pipe.o:
#  Implicit rule search has been done.
#  Last modified 2022-02-10 21:38:48
#  File has been updated.
#  Successfully updated.
# variable set hash-table stats:
# Load=0/32=0%, Rehash=0, Collisions=0/0=0%

# Not a target:
libft/ft_strlen.o:
#  Implicit rule search has been done.
#  Last modified 2022-02-10 21:38:46
#  File has been updated.
#  Successfully updated.
# variable set hash-table stats:
# Load=0/32=0%, Rehash=0, Collisions=0/0=0%

# Not a target:
signal/signal.o:
#  Implicit rule search has been done.
#  Last modified 2022-02-10 21:38:47
#  File has been updated.
#  Successfully updated.
# variable set hash-table stats:
# Load=0/32=0%, Rehash=0, Collisions=0/0=0%

# Not a target:
parse/token/new_token.o:
#  Implicit rule search has been done.
#  Last modified 2022-02-10 21:38:47
#  File has been updated.
#  Successfully updated.
# variable set hash-table stats:
# Load=0/32=0%, Rehash=0, Collisions=0/0=0%

# Not a target:
builtin/ft_cd.o:
#  Implicit rule search has been done.
#  Last modified 2022-02-10 21:38:45
#  File has been updated.
#  Successfully updated.
# variable set hash-table stats:
# Load=0/32=0%, Rehash=0, Collisions=0/0=0%

# Not a target:
parse/list/last_list.o:
#  Implicit rule search has been done.
#  Last modified 2022-02-10 21:38:47
#  File has been updated.
#  Successfully updated.
# variable set hash-table stats:
# Load=0/32=0%, Rehash=0, Collisions=0/0=0%

# Not a target:
parse/token/pop_token.o:
#  Implicit rule search has been done.
#  Last modified 2022-02-10 21:38:47
#  File has been updated.
#  Successfully updated.
# variable set hash-table stats:
# Load=0/32=0%, Rehash=0, Collisions=0/0=0%

# Not a target:
.SUFFIXES:
#  Implicit rule search has not been done.
#  Modification time never checked.
#  File has not been updated.

# Not a target:
libft/ft_split.o:
#  Implicit rule search has been done.
#  Last modified 2022-02-10 21:38:46
#  File has been updated.
#  Successfully updated.
# variable set hash-table stats:
# Load=0/32=0%, Rehash=0, Collisions=0/0=0%

# Not a target:
parse/token/add_token.o:
#  Implicit rule search has been done.
#  Last modified 2022-02-10 21:38:47
#  File has been updated.
#  Successfully updated.
# variable set hash-table stats:
# Load=0/32=0%, Rehash=0, Collisions=0/0=0%

# Not a target:
redirect/redirect.o:
#  Implicit rule search has been done.
#  Last modified 2022-02-10 21:38:47
#  File has been updated.
#  Successfully updated.
# variable set hash-table stats:
# Load=0/32=0%, Rehash=0, Collisions=0/0=0%

# Not a target:
Makefile:
#  Implicit rule search has been done.
#  Last modified 2022-02-10 20:57:28
#  File has been updated.
#  Successfully updated.
# variable set hash-table stats:
# Load=0/32=0%, Rehash=0, Collisions=0/0=0%

# Not a target:
parse/token/push_token.o:
#  Implicit rule search has been done.
#  Last modified 2022-02-10 21:38:47
#  File has been updated.
#  Successfully updated.
# variable set hash-table stats:
# Load=0/32=0%, Rehash=0, Collisions=0/0=0%

# Not a target:
utils/make_valid_datas.o:
#  Implicit rule search has been done.
#  Last modified 2022-02-10 21:38:48
#  File has been updated.
#  Successfully updated.
# variable set hash-table stats:
# Load=0/32=0%, Rehash=0, Collisions=0/0=0%

# Not a target:
libft/ft_strjoin.o:
#  Implicit rule search has been done.
#  Last modified 2022-02-10 21:38:46
#  File has been updated.
#  Successfully updated.
# variable set hash-table stats:
# Load=0/32=0%, Rehash=0, Collisions=0/0=0%

# Not a target:
parse/make_list.o:
#  Implicit rule search has been done.
#  Last modified 2022-02-10 21:38:47
#  File has been updated.
#  Successfully updated.
# variable set hash-table stats:
# Load=0/32=0%, Rehash=0, Collisions=0/0=0%

# Not a target:
builtin/ft_echo.o:
#  Implicit rule search has been done.
#  Last modified 2022-02-10 21:38:45
#  File has been updated.
#  Successfully updated.
# variable set hash-table stats:
# Load=0/32=0%, Rehash=0, Collisions=0/0=0%

# Not a target:
parse/token/clear_token.o:
#  Implicit rule search has been done.
#  Last modified 2022-02-10 21:38:47
#  File has been updated.
#  Successfully updated.
# variable set hash-table stats:
# Load=0/32=0%, Rehash=0, Collisions=0/0=0%

minishell: builtin/ft_cd.o builtin/ft_echo.o builtin/ft_env.o builtin/ft_exit.o builtin/ft_export.o builtin/ft_export_utils.o builtin/ft_pwd.o builtin/ft_unset.o libft/ft_argsjoin.o libft/ft_atoi.o libft/ft_envcmp.o libft/ft_isalnum.o libft/ft_itoa.o libft/ft_putstr_fd.o libft/ft_split.o libft/ft_strcmp.o libft/ft_strdup.o libft/ft_strjoin.o libft/ft_strlcpy.o libft/ft_strlen.o libft/ft_strncmp.o libft/ft_strndup.o libft/ft_error.o libft/ft_fatal.o parse/list/add_list.o parse/list/clear_list.o parse/list/last_list.o parse/list/new_list.o parse/list/push_list.o parse/list/size_list.o parse/token/add_token.o parse/token/clear_token.o parse/token/last_token.o parse/token/new_token.o parse/token/pop_token.o parse/token/push_token.o parse/token/size_token.o parse/token/token_to_string.o parse/make_list.o redirect/heredocument.o redirect/redirect.o redirect/redirecting.o signal/signal.o utils/exec_command.o utils/filename.o utils/find_dollar.o utils/find_key.o utils/find_pipe.o utils/find_value.o utils/free_argv.o utils/get_command.o utils/manage_dollar.o utils/make_valid_datas.o utils/minishell.o utils/what_command.o main.o
#  Implicit rule search has not been done.
#  Last modified 2022-02-10 21:38:48
#  File has been updated.
#  Successfully updated.
# variable set hash-table stats:
# Load=0/32=0%, Rehash=0, Collisions=0/0=0%
#  commands to execute (from `Makefile', line 71):
	gcc  $(CFLAGS) $(OBJ) $(INCLUDE) $(LIB) -o $(NAME)
	

# Not a target:
builtin/ft_export.o:
#  Implicit rule search has been done.
#  Last modified 2022-02-10 21:38:45
#  File has been updated.
#  Successfully updated.
# variable set hash-table stats:
# Load=0/32=0%, Rehash=0, Collisions=0/0=0%

fclean: clean
#  Implicit rule search has not been done.
#  Modification time never checked.
#  File has not been updated.
#  commands to execute (from `Makefile', line 77):
	rm -rf $(NAME)
	

# Not a target:
parse/list/new_list.o:
#  Implicit rule search has been done.
#  Last modified 2022-02-10 21:38:47
#  File has been updated.
#  Successfully updated.
# variable set hash-table stats:
# Load=0/32=0%, Rehash=0, Collisions=0/0=0%

# Not a target:
utils/find_dollar.o:
#  Implicit rule search has been done.
#  Last modified 2022-02-10 21:38:47
#  File has been updated.
#  Successfully updated.
# variable set hash-table stats:
# Load=0/32=0%, Rehash=0, Collisions=0/0=0%

# Not a target:
parse/token/token_to_string.o:
#  Implicit rule search has been done.
#  Last modified 2022-02-10 21:38:47
#  File has been updated.
#  Successfully updated.
# variable set hash-table stats:
# Load=0/32=0%, Rehash=0, Collisions=0/0=0%

# Not a target:
.DEFAULT:
#  Implicit rule search has not been done.
#  Modification time never checked.
#  File has not been updated.

# Not a target:
parse/list/add_list.o:
#  Implicit rule search has been done.
#  Last modified 2022-02-10 21:38:46
#  File has been updated.
#  Successfully updated.
# variable set hash-table stats:
# Load=0/32=0%, Rehash=0, Collisions=0/0=0%

# Not a target:
utils/manage_dollar.o:
#  Implicit rule search has been done.
#  Last modified 2022-02-10 21:38:48
 
#  File has been updated.
#  Successfully updated.
# variable set hash-table stats:
# Load=0/32=0%, Rehash=0, Collisions=0/0=0%

# Not a target:
parse/list/push_list.o:
#  Implicit rule search has been done.
#  Last modified 2022-02-10 21:38:47
#  File has been updated.
#  Successfully updated.
# variable set hash-table stats:
# Load=0/32=0%, Rehash=0, Collisions=0/0=0%

# Not a target:
utils/find_value.o:
#  Implicit rule search has been done.
#  Last modified 2022-02-10 21:38:48
#  File has been updated.
#  Successfully updated.
# variable set hash-table stats:
# Load=0/32=0%, Rehash=0, Collisions=0/0=0%

# Not a target:
libft/ft_envcmp.o:
#  Implicit rule search has been done.
#  Last modified 2022-02-10 21:38:46
#  File has been updated.
#  Successfully updated.
# variable set hash-table stats:
# Load=0/32=0%, Rehash=0, Collisions=0/0=0%

# Not a target:
libft/ft_fatal.o:
#  Implicit rule search has been done.
#  Last modified 2022-02-10 21:38:46
#  File has been updated.
#  Successfully updated.
# variable set hash-table stats:
# Load=0/32=0%, Rehash=0, Collisions=0/0=0%

re: fclean all
#  Implicit rule search has not been done.
#  Modification time never checked.
#  File has not been updated.

# Not a target:
utils/get_command.o:
#  Implicit rule search has been done.
#  Last modified 2022-02-10 21:38:48
#  File has been updated.
#  Successfully updated.
# variable set hash-table stats:
# Load=0/32=0%, Rehash=0, Collisions=0/0=0%

clean:
#  Implicit rule search has not been done.
#  Modification time never checked.
#  File has not been updated.
#  commands to execute (from `Makefile', line 74):
	rm -rf $(OBJ)
	

# Not a target:
libft/ft_strlcpy.o:
#  Implicit rule search has been done.
#  Last modified 2022-02-10 21:38:46
#  File has been updated.
#  Successfully updated.
# variable set hash-table stats:
# Load=0/32=0%, Rehash=0, Collisions=0/0=0%

# Not a target:
utils/exec_command.o:
#  Implicit rule search has been done.
#  Last modified 2022-02-10 21:38:47
#  File has been updated.
#  Successfully updated.
# variable set hash-table stats:
# Load=0/32=0%, Rehash=0, Collisions=0/0=0%

# Not a target:
utils/filename.o:
#  Implicit rule search has been done.
#  Last modified 2022-02-10 21:38:47
#  File has been updated.
#  Successfully updated.
# variable set hash-table stats:
# Load=0/32=0%, Rehash=0, Collisions=0/0=0%

# Not a target:
libft/ft_strndup.o:
#  Implicit rule search has been done.
#  Last modified 2022-02-10 21:38:46
#  File has been updated.
#  Successfully updated.
# variable set hash-table stats:
# Load=0/32=0%, Rehash=0, Collisions=0/0=0%

# Not a target:
libft/ft_strncmp.o:
#  Implicit rule search has been done.
#  Last modified 2022-02-10 21:38:46
#  File has been updated.
#  Successfully updated.
# variable set hash-table stats:
# Load=0/32=0%, Rehash=0, Collisions=0/0=0%

# Not a target:
builtin/ft_env.o:
#  Implicit rule search has been done.
#  Last modified 2022-02-10 21:38:45
#  File has been updated.
#  Successfully updated.
# variable set hash-table stats:
# Load=0/32=0%, Rehash=0, Collisions=0/0=0%

# Not a target:
parse/list/clear_list.o:
#  Implicit rule search has been done.
#  Last modified 2022-02-10 21:38:46
#  File has been updated.
#  Successfully updated.
# variable set hash-table stats:
# Load=0/32=0%, Rehash=0, Collisions=0/0=0%

# Not a target:
builtin/ft_exit.o:
#  Implicit rule search has been done.
#  Last modified 2022-02-10 21:38:45
#  File has been updated.
#  Successfully updated.
# variable set hash-table stats:
# Load=0/32=0%, Rehash=0, Collisions=0/0=0%

# Not a target:
libft/ft_isalnum.o:
#  Implicit rule search has been done.
#  Last modified 2022-02-10 21:38:46
#  File has been updated.
#  Successfully updated.
# variable set hash-table stats:
# Load=0/32=0%, Rehash=0, Collisions=0/0=0%

# Not a target:
libft/ft_strcmp.o:
#  Implicit rule search has been done.
#  Last modified 2022-02-10 21:38:46
#  File has been updated.
#  Successfully updated.
# variable set hash-table stats:
# Load=0/32=0%, Rehash=0, Collisions=0/0=0%

# Not a target:
parse/token/size_token.o:
#  Implicit rule search has been done.
#  Last modified 2022-02-10 21:38:47
#  File has been updated.
#  Successfully updated.
# variable set hash-table stats:
# Load=0/32=0%, Rehash=0, Collisions=0/0=0%

# Not a target:
libft/ft_strdup.o:
#  Implicit rule search has been done.
#  Last modified 2022-02-10 21:38:46
#  File has been updated.
#  Successfully updated.
# variable set hash-table stats:
# Load=0/32=0%, Rehash=0, Collisions=0/0=0%

# Not a target:
utils/what_command.o:
#  Implicit rule search has been done.
#  Last modified 2022-02-10 21:38:48
#  File has been updated.
#  Successfully updated.
# variable set hash-table stats:
# Load=0/32=0%, Rehash=0, Collisions=0/0=0%

# Not a target:
utils/find_key.o:
#  Implicit rule search has been done.
#  Last modified 2022-02-10 21:38:48
#  File has been updated.
#  Successfully updated.
# variable set hash-table stats:
# Load=0/32=0%, Rehash=0, Collisions=0/0=0%

# Not a target:
redirect/heredocument.o:
#  Implicit rule search has been done.
#  Last modified 2022-02-10 21:38:47
#  File has been updated.
#  Successfully updated.
# variable set hash-table stats:
# Load=0/32=0%, Rehash=0, Collisions=0/0=0%

# Not a target:
main.o:
#  Implicit rule search has been done.
 
#  Last modified 2022-02-10 21:38:48
#  File has been updated.
#  Successfully updated.
# variable set hash-table stats:
# Load=0/32=0%, Rehash=0, Collisions=0/0=0%

# Not a target:
builtin/ft_pwd.o:
#  Implicit rule search has been done.
#  Last modified 2022-02-10 21:38:45
#  File has been updated.
#  Successfully updated.
# variable set hash-table stats:
# Load=0/32=0%, Rehash=0, Collisions=0/0=0%

# Not a target:
parse/token/last_token.o:
#  Implicit rule search has been done.
#  Last modified 2022-02-10 21:38:47
#  File has been updated.
#  Successfully updated.
# variable set hash-table stats:
# Load=0/32=0%, Rehash=0, Collisions=0/0=0%

# Not a target:
libft/ft_putstr_fd.o:
#  Implicit rule search has been done.
#  Last modified 2022-02-10 21:38:46
#  File has been updated.
#  Successfully updated.
# variable set hash-table stats:
# Load=0/32=0%, Rehash=0, Collisions=0/0=0%

# Not a target:
libft/ft_argsjoin.o:
#  Implicit rule search has been done.
#  Last modified 2022-02-10 21:38:46
#  File has been updated.
#  Successfully updated.
# variable set hash-table stats:
# Load=0/32=0%, Rehash=0, Collisions=0/0=0%

# Not a target:
builtin/ft_unset.o:
#  Implicit rule search has been done.
#  Last modified 2022-02-10 21:38:46
#  File has been updated.
#  Successfully updated.
# variable set hash-table stats:
# Load=0/32=0%, Rehash=0, Collisions=0/0=0%

# Not a target:
redirect/redirecting.o:
#  Implicit rule search has been done.
#  Last modified 2022-02-10 21:38:47
#  File has been updated.
#  Successfully updated.
# variable set hash-table stats:
# Load=0/32=0%, Rehash=0, Collisions=0/0=0%

# Not a target:
libft/ft_atoi.o:
#  Implicit rule search has been done.
#  Last modified 2022-02-10 21:38:46
#  File has been updated.
#  Successfully updated.
# variable set hash-table stats:
# Load=0/32=0%, Rehash=0, Collisions=0/0=0%

# files hash-table stats:
# Load=64/1024=6%, Rehash=0, Collisions=15/137=11%
# VPATH Search Paths

# No `vpath' search paths.

# No general (`VPATH' variable) search path.

# # of strings in strcache: 1
# # of strcache buffers: 1
# strcache size: total = 4096 / max = 4096 / min = 4096 / avg = 4096
# strcache free: total = 4087 / max = 4087 / min = 4087 / avg = 4087

# Finished Make data base on Thu Feb 10 21:40:32 2022

 
